0 info it worked if it ends with ok
1 verbose cli [ 'C:\\Program Files\\nodejs\\node.exe',
1 verbose cli   'C:\\Program Files\\nodejs\\node_modules\\npm\\bin\\npm-cli.js',
1 verbose cli   'install',
1 verbose cli   'bootstrap-start-rating' ]
2 info using npm@2.14.2
3 info using node@v4.0.0
4 verbose install initial load of C:\cs5610\package.json
5 verbose installManyTop reading scoped package data from C:\cs5610\node_modules\body-parser\package.json
6 verbose installManyTop reading scoped package data from C:\cs5610\node_modules\bower\package.json
7 verbose installManyTop reading scoped package data from C:\cs5610\node_modules\express\package.json
8 verbose installManyTop reading scoped package data from C:\cs5610\node_modules\mongoose\package.json
9 verbose installManyTop reading scoped package data from C:\cs5610\node_modules\multer\package.json
10 verbose installManyTop reading scoped package data from C:\cs5610\node_modules\paypal-rest-sdk\package.json
11 verbose installManyTop reading scoped package data from C:\cs5610\node_modules\q\package.json
12 info package.json paypal-rest-sdk@1.6.6 No license field.
13 info package.json q@1.4.1 license should be a valid SPDX license expression
14 verbose readDependencies loading dependencies from C:\cs5610\package.json
15 silly cache add args [ 'bootstrap-start-rating', null ]
16 verbose cache add spec bootstrap-start-rating
17 silly cache add parsed spec Result {
17 silly cache add   raw: 'bootstrap-start-rating',
17 silly cache add   scope: null,
17 silly cache add   name: 'bootstrap-start-rating',
17 silly cache add   rawSpec: '',
17 silly cache add   spec: '*',
17 silly cache add   type: 'range' }
18 silly addNamed bootstrap-start-rating@*
19 verbose addNamed "*" is a valid semver range for bootstrap-start-rating
20 silly addNameRange { name: 'bootstrap-start-rating', range: '*', hasData: false }
21 silly mapToRegistry name bootstrap-start-rating
22 silly mapToRegistry using default registry
23 silly mapToRegistry registry https://registry.npmjs.org/
24 silly mapToRegistry uri https://registry.npmjs.org/bootstrap-start-rating
25 verbose addNameRange registry:https://registry.npmjs.org/bootstrap-start-rating not in flight; fetching
26 verbose request uri https://registry.npmjs.org/bootstrap-start-rating
27 verbose request no auth needed
28 info attempt registry request try #1 at 5:11:30 PM
29 verbose request id 616a151a9f478ab0
30 http request GET https://registry.npmjs.org/bootstrap-start-rating
31 http 404 https://registry.npmjs.org/bootstrap-start-rating
32 verbose headers { 'content-type': 'application/json',
32 verbose headers   'cache-control': 'max-age=0',
32 verbose headers   'content-length': '2',
32 verbose headers   'accept-ranges': 'bytes',
32 verbose headers   date: 'Mon, 07 Dec 2015 01:11:31 GMT',
32 verbose headers   via: '1.1 varnish',
32 verbose headers   age: '0',
32 verbose headers   connection: 'keep-alive',
32 verbose headers   'x-served-by': 'cache-sjc3131-SJC',
32 verbose headers   'x-cache': 'MISS',
32 verbose headers   'x-cache-hits': '0',
32 verbose headers   'x-timer': 'S1449450690.718897,VS0,VE338' }
33 silly get cb [ 404,
33 silly get   { 'content-type': 'application/json',
33 silly get     'cache-control': 'max-age=0',
33 silly get     'content-length': '2',
33 silly get     'accept-ranges': 'bytes',
33 silly get     date: 'Mon, 07 Dec 2015 01:11:31 GMT',
33 silly get     via: '1.1 varnish',
33 silly get     age: '0',
33 silly get     connection: 'keep-alive',
33 silly get     'x-served-by': 'cache-sjc3131-SJC',
33 silly get     'x-cache': 'MISS',
33 silly get     'x-cache-hits': '0',
33 silly get     'x-timer': 'S1449450690.718897,VS0,VE338' } ]
34 verbose stack Error: Registry returned 404 for GET on https://registry.npmjs.org/bootstrap-start-rating
34 verbose stack     at makeError (C:\Program Files\nodejs\node_modules\npm\node_modules\npm-registry-client\lib\request.js:263:12)
34 verbose stack     at CachingRegistryClient.<anonymous> (C:\Program Files\nodejs\node_modules\npm\node_modules\npm-registry-client\lib\request.js:241:14)
34 verbose stack     at Request._callback (C:\Program Files\nodejs\node_modules\npm\node_modules\npm-registry-client\lib\request.js:171:14)
34 verbose stack     at Request.self.callback (C:\Program Files\nodejs\node_modules\npm\node_modules\request\request.js:198:22)
34 verbose stack     at emitTwo (events.js:87:13)
34 verbose stack     at Request.emit (events.js:172:7)
34 verbose stack     at Request.<anonymous> (C:\Program Files\nodejs\node_modules\npm\node_modules\request\request.js:1073:14)
34 verbose stack     at emitOne (events.js:82:20)
34 verbose stack     at Request.emit (events.js:169:7)
34 verbose stack     at IncomingMessage.<anonymous> (C:\Program Files\nodejs\node_modules\npm\node_modules\request\request.js:1019:12)
35 verbose statusCode 404
36 verbose pkgid bootstrap-start-rating
37 verbose cwd C:\cs5610
38 error Windows_NT 6.3.9600
39 error argv "C:\\Program Files\\nodejs\\node.exe" "C:\\Program Files\\nodejs\\node_modules\\npm\\bin\\npm-cli.js" "install" "bootstrap-start-rating"
40 error node v4.0.0
41 error npm  v2.14.2
42 error code E404
43 error 404 Registry returned 404 for GET on https://registry.npmjs.org/bootstrap-start-rating
43 error 404
43 error 404 'bootstrap-start-rating' is not in the npm registry.
43 error 404 You should bug the author to publish it (or use the name yourself!)
43 error 404 It was specified as a dependency of 'OpenShift-Sample-App'
43 error 404
43 error 404 Note that you can also install from a
43 error 404 tarball, folder, http url, or git url.
44 verbose exit [ 1, true ]
